2020-04-02 11:40:18,068 - E:\ivan_code\front_end_code\ekt_sfe.py[line:292] - INFO: TSGEN:CONF:PLAY "D:\TSGEN\SDTV\DVB_25Hz\720_576i\LIVE\FACT_4M.GTS"
2020-04-03 09:47:11,664 - C:/Users/ivan.zhao/PycharmProjects/code/front_end_code/ekt_sfu.py[line:506] - INFO: DM:TRAN DVT2
2020-04-03 09:47:29,512 - C:/Users/ivan.zhao/PycharmProjects/code/front_end_code/ekt_sfu.py[line:506] - INFO: DM:TRAN DVS2
2020-04-03 09:47:52,528 - C:/Users/ivan.zhao/PycharmProjects/code/front_end_code/ekt_sfu.py[line:506] - INFO: DM:TRAN DVS2
2020-04-03 09:51:42,964 - C:/Users/ivan.zhao/PycharmProjects/code/front_end_code/ekt_sfu.py[line:506] - INFO: DM:TRAN DVB-T2
2020-04-03 09:51:57,118 - C:/Users/ivan.zhao/PycharmProjects/code/front_end_code/ekt_sfu.py[line:506] - INFO: DM:TRAN DVB-T2
2020-04-03 09:52:04,089 - C:/Users/ivan.zhao/PycharmProjects/code/front_end_code/ekt_sfu.py[line:506] - INFO: DM:TRAN DVB-S2
2020-04-03 09:52:16,269 - C:/Users/ivan.zhao/PycharmProjects/code/front_end_code/ekt_sfu.py[line:506] - INFO: DM:TRAN DVB-T2
2020-04-03 10:21:04,966 - C:/Users/ivan.zhao/PycharmProjects/code/front_end_code/ekt_sfu.py[line:523] - INFO: DVBS2:SOUR TEST
2020-04-03 10:21:22,493 - C:/Users/ivan.zhao/PycharmProjects/code/front_end_code/ekt_sfu.py[line:523] - INFO: DVBS2:SOUR TSPL
2020-04-03 10:26:00,217 - C:/Users/ivan.zhao/PycharmProjects/code/front_end_code/ekt_sfu.py[line:523] - INFO: DVBS2:SOUR 31.711e6
2020-04-03 10:26:23,203 - C:/Users/ivan.zhao/PycharmProjects/code/front_end_code/ekt_sfu.py[line:535] - INFO: DVBS2:SYMB 31.711e6
2020-04-03 10:31:39,335 - C:/Users/ivan.zhao/PycharmProjects/code/front_end_code/ekt_sfu.py[line:549] - INFO: DVBS2:CONS QPSK
2020-04-03 10:32:19,101 - C:/Users/ivan.zhao/PycharmProjects/code/front_end_code/ekt_sfu.py[line:549] - INFO: DVBS2:CONS S4
2020-04-03 10:39:56,786 - C:/Users/ivan.zhao/PycharmProjects/code/front_end_code/ekt_sfu.py[line:561] - INFO: DVBS2:FECF NORM
2020-04-03 11:03:55,161 - C:/Users/ivan.zhao/PycharmProjects/code/front_end_code/ekt_sfu.py[line:587] - INFO: DVBS2:ROLL 0.25
2020-04-03 11:08:09,950 - C:/Users/ivan.zhao/PycharmProjects/code/front_end_code/ekt_sfu.py[line:610] - INFO: DVBS2:RATE R8_9
2020-04-03 11:11:50,461 - C:/Users/ivan.zhao/PycharmProjects/code/front_end_code/ekt_sfu.py[line:622] - INFO: DVBS2:SETT ON
2020-04-03 11:22:21,220 - C:/Users/ivan.zhao/PycharmProjects/code/front_end_code/ekt_sfu.py[line:634] - INFO: DVBS2:PHAS ON
2020-04-03 11:25:38,888 - C:/Users/ivan.zhao/PycharmProjects/code/front_end_code/ekt_sfu.py[line:647] - INFO: DVBS2:PHAS:SHAP SHA3
2020-04-03 11:29:39,694 - C:/Users/ivan.zhao/PycharmProjects/code/front_end_code/ekt_sfu.py[line:660] - INFO: DVBS2:PHAS:MAGN 3
2020-04-03 11:45:28,413 - C:/Users/ivan.zhao/PycharmProjects/code/front_end_code/ekt_sfu.py[line:674] - INFO: DVBS2:TSP S187
2020-04-03 11:49:48,040 - C:/Users/ivan.zhao/PycharmProjects/code/front_end_code/ekt_sfu.py[line:686] - INFO: DVBS2:PIDT VAR
2020-04-03 12:01:35,273 - C:/Users/ivan.zhao/PycharmProjects/code/front_end_code/ekt_sfu.py[line:698] - INFO: #H1ABC
2020-04-03 12:01:43,256 - C:/Users/ivan.zhao/PycharmProjects/code/front_end_code/ekt_sfu.py[line:698] - INFO: #H1ABC
2020-04-03 12:01:54,407 - C:/Users/ivan.zhao/PycharmProjects/code/front_end_code/ekt_sfu.py[line:698] - INFO: #H0001
2020-04-08 15:14:22,674 - C:/Users/ivan.zhao/PycharmProjects/code/front_end_code/ekt_sfu.py[line:713] - INFO: DVBS2:PAYL HFF
2020-04-08 15:21:47,440 - C:/Users/ivan.zhao/PycharmProjects/code/front_end_code/ekt_sfu.py[line:725] - INFO: DVBS2:PRBS P15_1
2020-04-08 16:11:12,802 - C:/Users/ivan.zhao/PycharmProjects/code/front_end_code/ekt_sfu.py[line:740] - INFO: DM:ISRC DIGital
2020-04-08 16:12:17,121 - C:/Users/ivan.zhao/PycharmProjects/code/front_end_code/ekt_sfu.py[line:740] - INFO: DM:ISRC OFF
2020-04-08 16:17:40,398 - C:/Users/ivan.zhao/PycharmProjects/code/front_end_code/ekt_sfu.py[line:754] - INFO: NOIS OFF
2020-04-08 16:21:26,388 - C:/Users/ivan.zhao/PycharmProjects/code/front_end_code/ekt_sfu.py[line:766] - INFO: NOIS:AWG OFF
2020-04-08 16:21:45,720 - C:/Users/ivan.zhao/PycharmProjects/code/front_end_code/ekt_sfu.py[line:766] - INFO: NOIS:AWG OFF
2020-04-08 16:23:06,984 - C:/Users/ivan.zhao/PycharmProjects/code/front_end_code/ekt_sfu.py[line:766] - INFO: NOIS:AWG ON
2020-04-08 16:23:20,348 - C:/Users/ivan.zhao/PycharmProjects/code/front_end_code/ekt_sfu.py[line:766] - INFO: NOIS:AWG ON
2020-04-08 18:24:01,661 - C:/Users/ivan.zhao/PycharmProjects/code/front_end_code/ekt_sfu.py[line:783] - INFO: NOIS:CN 45
2020-04-10 11:26:16,444 - C:/Users/ivan.zhao/PycharmProjects/code/front_end_code/ekt_sfe.py[line:303] - INFO: SYST:PRES
2020-04-10 11:26:22,334 - C:/Users/ivan.zhao/PycharmProjects/code/front_end_code/ekt_sfe.py[line:303] - INFO: SYST:PRES
2020-04-10 11:51:29,134 - C:\Users\ivan.zhao\PycharmProjects\code\front_end_code\ekt_sfe.py[line:255] - INFO: DVBS:CONS S4
2020-04-10 11:51:29,141 - C:\Users\ivan.zhao\PycharmProjects\code\front_end_code\ekt_sfe.py[line:281] - INFO: DVBS:RATE R1_2
2020-04-10 11:51:29,150 - C:\Users\ivan.zhao\PycharmProjects\code\front_end_code\ekt_sfe.py[line:245] - INFO: DVBS:SYMB 5.000000e6
2020-04-10 11:54:04,418 - C:\Users\ivan.zhao\PycharmProjects\code\front_end_code\ekt_sfe.py[line:258] - INFO: DVBS:CONS S4
2020-04-10 11:54:04,523 - C:\Users\ivan.zhao\PycharmProjects\code\front_end_code\ekt_sfe.py[line:285] - INFO: DVBS:RATE R1_2
2020-04-10 11:54:04,627 - C:\Users\ivan.zhao\PycharmProjects\code\front_end_code\ekt_sfe.py[line:247] - INFO: DVBS:SYMB 5.000000e6
2020-04-10 11:54:04,730 - C:\Users\ivan.zhao\PycharmProjects\code\front_end_code\ekt_sfe.py[line:57] - INFO: FREQ:CW 950 MHz
2020-04-10 11:54:04,835 - C:\Users\ivan.zhao\PycharmProjects\code\front_end_code\ekt_sfe.py[line:116] - INFO: POW:LEV -87 dBm
2020-04-10 15:04:10,591 - C:\Users\ivan.zhao\PycharmProjects\code\front_end_code\ekt_sfe.py[line:272] - INFO: DVBS:CONS S4
2020-04-10 15:04:10,694 - C:\Users\ivan.zhao\PycharmProjects\code\front_end_code\ekt_sfe.py[line:300] - INFO: DVBS:RATE R1_2
2020-04-10 15:04:10,796 - C:\Users\ivan.zhao\PycharmProjects\code\front_end_code\ekt_sfe.py[line:261] - INFO: DVBS:SYMB 5.000000e6
2020-04-10 15:04:11,825 - C:\Users\ivan.zhao\PycharmProjects\code\front_end_code\ekt_sfe.py[line:57] - INFO: FREQ:CW 950 MHz
2020-04-10 15:04:11,930 - C:\Users\ivan.zhao\PycharmProjects\code\front_end_code\ekt_sfe.py[line:120] - INFO: POW:LEV -87 dBm
2020-04-10 15:04:12,036 - C:\Users\ivan.zhao\PycharmProjects\code\front_end_code\ekt_sfe.py[line:120] - INFO: POW:LEV -87 dBm
2020-04-10 15:04:17,141 - C:\Users\ivan.zhao\PycharmProjects\code\front_end_code\ekt_sfe.py[line:120] - INFO: POW:LEV -96 dBm
2020-04-10 15:04:22,244 - C:\Users\ivan.zhao\PycharmProjects\code\front_end_code\ekt_sfe.py[line:120] - INFO: POW:LEV -84 dBm
2020-04-10 15:04:45,201 - C:\Users\ivan.zhao\PycharmProjects\code\front_end_code\ekt_sfe.py[line:272] - INFO: DVBS:CONS S4
2020-04-10 15:04:45,305 - C:\Users\ivan.zhao\PycharmProjects\code\front_end_code\ekt_sfe.py[line:300] - INFO: DVBS:RATE R1_2
2020-04-10 15:04:45,407 - C:\Users\ivan.zhao\PycharmProjects\code\front_end_code\ekt_sfe.py[line:261] - INFO: DVBS:SYMB 5.000000e6
2020-04-10 15:04:45,512 - C:\Users\ivan.zhao\PycharmProjects\code\front_end_code\ekt_sfe.py[line:57] - INFO: FREQ:CW 950 MHz
2020-04-10 15:04:45,615 - C:\Users\ivan.zhao\PycharmProjects\code\front_end_code\ekt_sfe.py[line:120] - INFO: POW:LEV -87 dBm
2020-04-10 15:04:50,720 - C:\Users\ivan.zhao\PycharmProjects\code\front_end_code\ekt_sfe.py[line:120] - INFO: POW:LEV -87 dBm
2020-04-10 15:05:00,825 - C:\Users\ivan.zhao\PycharmProjects\code\front_end_code\ekt_sfe.py[line:120] - INFO: POW:LEV -96 dBm
2020-04-10 15:05:10,930 - C:\Users\ivan.zhao\PycharmProjects\code\front_end_code\ekt_sfe.py[line:120] - INFO: POW:LEV -84 dBm
2020-04-10 15:05:34,530 - C:\Users\ivan.zhao\PycharmProjects\code\front_end_code\ekt_sfe.py[line:120] - INFO: POW:LEV -87 dBm
2020-04-10 15:05:44,635 - C:\Users\ivan.zhao\PycharmProjects\code\front_end_code\ekt_sfe.py[line:120] - INFO: POW:LEV -96 dBm
2020-04-10 15:05:54,740 - C:\Users\ivan.zhao\PycharmProjects\code\front_end_code\ekt_sfe.py[line:120] - INFO: POW:LEV -84 dBm
2020-04-10 15:20:41,095 - C:/Users/ivan.zhao/PycharmProjects/code/front_end_code/ekt_sfe.py[line:324] - INFO: SYST:PRES
2020-04-10 15:20:49,329 - C:/Users/ivan.zhao/PycharmProjects/code/front_end_code/ekt_sfe.py[line:324] - INFO: SYST:PRES
2020-04-10 15:21:18,315 - C:/Users/ivan.zhao/PycharmProjects/code/front_end_code/ekt_sfe.py[line:324] - INFO: SYST:PRES
2020-04-10 15:21:29,319 - C:/Users/ivan.zhao/PycharmProjects/code/front_end_code/ekt_sfe.py[line:324] - INFO: SYST:PRES
2020-04-10 17:49:18,424 - C:\Users\ivan.zhao\PycharmProjects\code\front_end_code\ekt_sfe.py[line:324] - INFO: SYST:PRES
2020-04-10 17:49:19,430 - C:\Users\ivan.zhao\PycharmProjects\code\front_end_code\ekt_sfe.py[line:239] - INFO: DVBS:SOUR TSPL
2020-04-10 17:49:19,542 - C:\Users\ivan.zhao\PycharmProjects\code\front_end_code\ekt_sfe.py[line:313] - INFO: TSGEN:CONF:PLAY "D:\TSGEN\SDTV\DVB_25Hz\720_576i\LIVE\DIVER.GTS"
2020-04-10 17:49:19,648 - C:\Users\ivan.zhao\PycharmProjects\code\front_end_code\ekt_sfe.py[line:272] - INFO: DVBS:CONS S4
2020-04-10 17:49:19,750 - C:\Users\ivan.zhao\PycharmProjects\code\front_end_code\ekt_sfe.py[line:300] - INFO: DVBS:RATE R3_4
2020-04-10 17:49:19,855 - C:\Users\ivan.zhao\PycharmProjects\code\front_end_code\ekt_sfe.py[line:261] - INFO: DVBS:SYMB 5.000000e6
2020-04-10 17:49:21,109 - C:\Users\ivan.zhao\PycharmProjects\code\front_end_code\ekt_sfe.py[line:57] - INFO: FREQ:CW 1550 MHz
2020-04-10 17:49:21,214 - C:\Users\ivan.zhao\PycharmProjects\code\front_end_code\ekt_sfe.py[line:120] - INFO: POW:LEV -70 dBm
2020-04-10 17:49:26,319 - C:\Users\ivan.zhao\PycharmProjects\code\front_end_code\ekt_sfe.py[line:261] - INFO: DVBS:SYMB 5.000000e6
2020-04-10 17:49:31,423 - C:\Users\ivan.zhao\PycharmProjects\code\front_end_code\ekt_sfe.py[line:261] - INFO: DVBS:SYMB 6.000000e6
2020-04-10 17:49:36,526 - C:\Users\ivan.zhao\PycharmProjects\code\front_end_code\ekt_sfe.py[line:261] - INFO: DVBS:SYMB 7.000000e6
2020-04-10 17:49:41,631 - C:\Users\ivan.zhao\PycharmProjects\code\front_end_code\ekt_sfe.py[line:261] - INFO: DVBS:SYMB 8.000000e6
2020-04-10 17:49:46,736 - C:\Users\ivan.zhao\PycharmProjects\code\front_end_code\ekt_sfe.py[line:261] - INFO: DVBS:SYMB 9.000000e6
2020-04-10 17:49:51,845 - C:\Users\ivan.zhao\PycharmProjects\code\front_end_code\ekt_sfe.py[line:261] - INFO: DVBS:SYMB 10.000000e6
2020-04-10 17:49:56,948 - C:\Users\ivan.zhao\PycharmProjects\code\front_end_code\ekt_sfe.py[line:261] - INFO: DVBS:SYMB 11.000000e6
2020-04-10 17:50:02,053 - C:\Users\ivan.zhao\PycharmProjects\code\front_end_code\ekt_sfe.py[line:261] - INFO: DVBS:SYMB 12.000000e6
2020-04-10 17:50:07,157 - C:\Users\ivan.zhao\PycharmProjects\code\front_end_code\ekt_sfe.py[line:261] - INFO: DVBS:SYMB 13.000000e6
2020-04-10 17:50:12,263 - C:\Users\ivan.zhao\PycharmProjects\code\front_end_code\ekt_sfe.py[line:261] - INFO: DVBS:SYMB 14.000000e6
2020-04-10 17:50:17,367 - C:\Users\ivan.zhao\PycharmProjects\code\front_end_code\ekt_sfe.py[line:261] - INFO: DVBS:SYMB 15.000000e6
2020-04-10 17:50:22,471 - C:\Users\ivan.zhao\PycharmProjects\code\front_end_code\ekt_sfe.py[line:261] - INFO: DVBS:SYMB 16.000000e6
2020-04-10 17:50:27,575 - C:\Users\ivan.zhao\PycharmProjects\code\front_end_code\ekt_sfe.py[line:261] - INFO: DVBS:SYMB 17.000000e6
2020-04-10 17:50:32,680 - C:\Users\ivan.zhao\PycharmProjects\code\front_end_code\ekt_sfe.py[line:261] - INFO: DVBS:SYMB 18.000000e6
2020-04-10 17:50:37,789 - C:\Users\ivan.zhao\PycharmProjects\code\front_end_code\ekt_sfe.py[line:261] - INFO: DVBS:SYMB 19.000000e6
2020-04-10 17:50:42,894 - C:\Users\ivan.zhao\PycharmProjects\code\front_end_code\ekt_sfe.py[line:261] - INFO: DVBS:SYMB 20.000000e6
2020-04-10 17:50:47,997 - C:\Users\ivan.zhao\PycharmProjects\code\front_end_code\ekt_sfe.py[line:261] - INFO: DVBS:SYMB 21.000000e6
2020-04-10 17:50:53,102 - C:\Users\ivan.zhao\PycharmProjects\code\front_end_code\ekt_sfe.py[line:261] - INFO: DVBS:SYMB 22.000000e6
2020-04-10 17:50:58,207 - C:\Users\ivan.zhao\PycharmProjects\code\front_end_code\ekt_sfe.py[line:261] - INFO: DVBS:SYMB 23.000000e6
2020-04-10 17:51:03,312 - C:\Users\ivan.zhao\PycharmProjects\code\front_end_code\ekt_sfe.py[line:261] - INFO: DVBS:SYMB 24.000000e6
2020-04-10 17:51:08,415 - C:\Users\ivan.zhao\PycharmProjects\code\front_end_code\ekt_sfe.py[line:261] - INFO: DVBS:SYMB 25.000000e6
2020-04-10 17:51:13,520 - C:\Users\ivan.zhao\PycharmProjects\code\front_end_code\ekt_sfe.py[line:261] - INFO: DVBS:SYMB 26.000000e6
2020-04-10 17:51:18,625 - C:\Users\ivan.zhao\PycharmProjects\code\front_end_code\ekt_sfe.py[line:261] - INFO: DVBS:SYMB 27.000000e6
2020-04-10 17:51:23,729 - C:\Users\ivan.zhao\PycharmProjects\code\front_end_code\ekt_sfe.py[line:261] - INFO: DVBS:SYMB 28.000000e6
2020-04-10 17:51:28,832 - C:\Users\ivan.zhao\PycharmProjects\code\front_end_code\ekt_sfe.py[line:261] - INFO: DVBS:SYMB 29.000000e6
2020-04-10 17:51:33,937 - C:\Users\ivan.zhao\PycharmProjects\code\front_end_code\ekt_sfe.py[line:261] - INFO: DVBS:SYMB 30.000000e6
2020-04-10 17:51:39,042 - C:\Users\ivan.zhao\PycharmProjects\code\front_end_code\ekt_sfe.py[line:261] - INFO: DVBS:SYMB 31.000000e6
2020-04-10 17:51:44,148 - C:\Users\ivan.zhao\PycharmProjects\code\front_end_code\ekt_sfe.py[line:261] - INFO: DVBS:SYMB 32.000000e6
2020-04-10 17:51:49,252 - C:\Users\ivan.zhao\PycharmProjects\code\front_end_code\ekt_sfe.py[line:261] - INFO: DVBS:SYMB 33.000000e6
2020-04-10 17:51:54,355 - C:\Users\ivan.zhao\PycharmProjects\code\front_end_code\ekt_sfe.py[line:261] - INFO: DVBS:SYMB 34.000000e6
2020-04-10 17:51:59,460 - C:\Users\ivan.zhao\PycharmProjects\code\front_end_code\ekt_sfe.py[line:261] - INFO: DVBS:SYMB 35.000000e6
2020-04-10 17:52:04,565 - C:\Users\ivan.zhao\PycharmProjects\code\front_end_code\ekt_sfe.py[line:261] - INFO: DVBS:SYMB 36.000000e6
2020-04-10 17:52:09,667 - C:\Users\ivan.zhao\PycharmProjects\code\front_end_code\ekt_sfe.py[line:261] - INFO: DVBS:SYMB 37.000000e6
2020-04-10 17:52:14,773 - C:\Users\ivan.zhao\PycharmProjects\code\front_end_code\ekt_sfe.py[line:261] - INFO: DVBS:SYMB 38.000000e6
2020-04-10 17:52:19,882 - C:\Users\ivan.zhao\PycharmProjects\code\front_end_code\ekt_sfe.py[line:261] - INFO: DVBS:SYMB 39.000000e6
2020-04-10 17:52:24,986 - C:\Users\ivan.zhao\PycharmProjects\code\front_end_code\ekt_sfe.py[line:261] - INFO: DVBS:SYMB 40.000000e6
2020-04-10 17:52:30,091 - C:\Users\ivan.zhao\PycharmProjects\code\front_end_code\ekt_sfe.py[line:261] - INFO: DVBS:SYMB 41.000000e6
2020-04-10 17:52:35,196 - C:\Users\ivan.zhao\PycharmProjects\code\front_end_code\ekt_sfe.py[line:261] - INFO: DVBS:SYMB 42.000000e6
2020-04-10 17:52:40,299 - C:\Users\ivan.zhao\PycharmProjects\code\front_end_code\ekt_sfe.py[line:261] - INFO: DVBS:SYMB 43.000000e6
2020-04-10 17:52:45,404 - C:\Users\ivan.zhao\PycharmProjects\code\front_end_code\ekt_sfe.py[line:261] - INFO: DVBS:SYMB 44.000000e6
2020-04-10 17:52:50,509 - C:\Users\ivan.zhao\PycharmProjects\code\front_end_code\ekt_sfe.py[line:261] - INFO: DVBS:SYMB 45.000000e6
2020-04-13 14:11:26,477 - C:/Users/ivan.zhao/PycharmProjects/code/front_end_code/ekt_sfu.py[line:854] - INFO: NOIS:IMP:CI 45
2020-04-13 14:16:53,463 - C:/Users/ivan.zhao/PycharmProjects/code/front_end_code/ekt_sfu.py[line:871] - INFO: NOIS:IMP:FRAM 100
2020-04-13 14:17:09,943 - C:/Users/ivan.zhao/PycharmProjects/code/front_end_code/ekt_sfu.py[line:871] - INFO: NOIS:IMP:FRAM 1000
2020-04-13 14:17:17,459 - C:/Users/ivan.zhao/PycharmProjects/code/front_end_code/ekt_sfu.py[line:871] - INFO: NOIS:IMP:FRAM 10
2020-04-13 14:17:46,246 - C:/Users/ivan.zhao/PycharmProjects/code/front_end_code/ekt_sfu.py[line:871] - INFO: NOIS:IMP:FRAM 100
2020-04-13 14:17:57,806 - C:/Users/ivan.zhao/PycharmProjects/code/front_end_code/ekt_sfu.py[line:871] - INFO: NOIS:IMP:FRAM 0.1
2020-04-13 14:22:59,496 - C:/Users/ivan.zhao/PycharmProjects/code/front_end_code/ekt_sfu.py[line:886] - INFO: NOIS:COUP OFF
2020-04-13 14:27:44,805 - C:/Users/ivan.zhao/PycharmProjects/code/front_end_code/ekt_sfu.py[line:902] - INFO: NOIS:BAND 7.5e6
2020-04-13 14:33:53,493 - C:/Users/ivan.zhao/PycharmProjects/code/front_end_code/ekt_sfu.py[line:917] - INFO: FSIM ON
2020-04-13 14:34:03,960 - C:/Users/ivan.zhao/PycharmProjects/code/front_end_code/ekt_sfu.py[line:917] - INFO: FSIM OFF
2020-04-13 14:59:52,398 - C:/Users/ivan.zhao/PycharmProjects/code/front_end_code/ekt_sfu.py[line:997] - INFO: FSIM:STAN TU12
2020-04-13 15:04:51,164 - C:/Users/ivan.zhao/PycharmProjects/code/front_end_code/ekt_sfu.py[line:1016] - INFO: FSIM:CONF DEL
2020-04-13 15:05:04,956 - C:/Users/ivan.zhao/PycharmProjects/code/front_end_code/ekt_sfu.py[line:1016] - INFO: FSIM:CONF D30Fine
2020-04-13 15:11:44,479 - C:/Users/ivan.zhao/PycharmProjects/code/front_end_code/ekt_sfu.py[line:1029] - INFO: FSIM:DEL:STAT ON
2020-04-13 15:11:57,167 - C:/Users/ivan.zhao/PycharmProjects/code/front_end_code/ekt_sfu.py[line:1029] - INFO: FSIM:DEL:STAT ON
2020-04-13 15:12:07,302 - C:/Users/ivan.zhao/PycharmProjects/code/front_end_code/ekt_sfu.py[line:1029] - INFO: FSIM:DEL:STAT ON
2020-04-13 15:12:11,505 - C:/Users/ivan.zhao/PycharmProjects/code/front_end_code/ekt_sfu.py[line:1029] - INFO: FSIM:DEL:STAT ON
2020-04-13 15:12:54,138 - C:/Users/ivan.zhao/PycharmProjects/code/front_end_code/ekt_sfu.py[line:1029] - INFO: FSIM:DEL:STAT ON
2020-04-13 15:24:35,122 - C:/Users/ivan.zhao/PycharmProjects/code/front_end_code/ekt_sfu.py[line:1031] - INFO: FSIM:DEL:GRO1:PATH1:STAT OFF
2020-04-13 15:29:29,408 - C:/Users/ivan.zhao/PycharmProjects/code/front_end_code/ekt_sfu.py[line:1057] - INFO: FSIM:DEL:GRO2:PATH2:PROF RICE
2020-04-13 15:34:13,236 - C:/Users/ivan.zhao/PycharmProjects/code/front_end_code/ekt_sfu.py[line:1074] - INFO: FSIM:DEL:GRO2:PATH2:LOSS 2 dB
2020-04-13 15:38:30,801 - C:/Users/ivan.zhao/PycharmProjects/code/front_end_code/ekt_sfu.py[line:1093] - INFO: FSIM:DEL:GRO2:BDEL 1E-3
2020-04-13 15:43:56,657 - C:/Users/ivan.zhao/PycharmProjects/code/front_end_code/ekt_sfu.py[line:1110] - INFO: FSIM:DEL:GRO2:PATH2:ADEL 10E-6
2020-04-13 15:48:56,732 - C:/Users/ivan.zhao/PycharmProjects/code/front_end_code/ekt_sfu.py[line:1121] - INFO: FSIM:DEL:GRO2:PATH2:RDEL 0.00021
2020-04-13 15:53:26,270 - C:/Users/ivan.zhao/PycharmProjects/code/front_end_code/ekt_sfu.py[line:1121] - INFO: FSIM:DEL:GRO2:PATH2:RDEL 20E-6
2020-04-13 15:58:50,372 - C:/Users/ivan.zhao/PycharmProjects/code/front_end_code/ekt_sfu.py[line:1138] - INFO: FSIM:DEL:GRO2:PATH2:PRAT -15
2020-04-13 16:03:52,805 - C:/Users/ivan.zhao/PycharmProjects/code/front_end_code/ekt_sfu.py[line:1155] - INFO: FSIM:DEL:GRO2:PATH2:CPH 5DEG
2020-04-13 16:10:30,993 - C:/Users/ivan.zhao/PycharmProjects/code/front_end_code/ekt_sfu.py[line:1170] - INFO: FSIM:DEL:GRO2:PATH2:SPE 2
2020-04-13 16:15:25,342 - C:/Users/ivan.zhao/PycharmProjects/code/front_end_code/ekt_sfu.py[line:1185] - INFO: FSIM:DEL:GRO2:PATH2:FRAT -0.71
2020-04-13 16:20:23,308 - C:/Users/ivan.zhao/PycharmProjects/code/front_end_code/ekt_sfu.py[line:1198] - INFO: FSIM:DEL:GRO2:PATH2:FDOP 556
2020-04-13 16:20:59,213 - C:/Users/ivan.zhao/PycharmProjects/code/front_end_code/ekt_sfu.py[line:1198] - INFO: FSIM:DEL:GRO2:PATH2:FDOP 456
2020-04-13 16:26:12,710 - C:/Users/ivan.zhao/PycharmProjects/code/front_end_code/ekt_sfu.py[line:1214] - INFO: FSIM:DEL:GRO2:PATH2:CORR:STAT ON
2020-04-13 16:26:44,226 - C:/Users/ivan.zhao/PycharmProjects/code/front_end_code/ekt_sfu.py[line:1199] - INFO: FSIM:DEL:GRO2:PATH2:FDOP 2
2020-04-13 16:30:32,009 - C:/Users/ivan.zhao/PycharmProjects/code/front_end_code/ekt_sfu.py[line:1229] - INFO: FSIM:DEL:GRO2:PATH2:CORR:COEF 95
2020-04-13 16:34:36,392 - C:/Users/ivan.zhao/PycharmProjects/code/front_end_code/ekt_sfu.py[line:1245] - INFO: FSIM:DEL:GRO2:PATH2:CORR:PHAS 5
2020-04-13 16:40:07,852 - C:/Users/ivan.zhao/PycharmProjects/code/front_end_code/ekt_sfu.py[line:1258] - INFO: FSIM:DEL:GRO2:PATH2:LOGN:STAT ON
2020-04-13 16:44:31,970 - C:/Users/ivan.zhao/PycharmProjects/code/front_end_code/ekt_sfu.py[line:1273] - INFO: FSIM:DEL:GRO2:PATH2:LOGN:LCON 100
2020-04-13 16:56:01,846 - C:/Users/ivan.zhao/PycharmProjects/code/front_end_code/ekt_sfu.py[line:1289] - INFO: FSIM:DEL:GRO2:PATH2:LOGN:CSTD 2
2020-04-13 16:59:42,723 - C:/Users/ivan.zhao/PycharmProjects/code/front_end_code/ekt_sfu.py[line:1303] - INFO: FSIM:SPE:UNIT MPS
2020-04-13 17:00:06,387 - C:/Users/ivan.zhao/PycharmProjects/code/front_end_code/ekt_sfu.py[line:1303] - INFO: FSIM:SPE:UNIT KMH
2020-04-13 17:00:36,542 - C:/Users/ivan.zhao/PycharmProjects/code/front_end_code/ekt_sfu.py[line:1303] - INFO: FSIM:SPE:UNIT MPH
2020-04-13 17:06:46,967 - C:/Users/ivan.zhao/PycharmProjects/code/front_end_code/ekt_sfu.py[line:1316] - INFO: FSIM:REF:SPE
2020-04-13 17:06:56,244 - C:/Users/ivan.zhao/PycharmProjects/code/front_end_code/ekt_sfu.py[line:1316] - INFO: FSIM:REF:SPE
2020-04-13 17:07:26,930 - C:/Users/ivan.zhao/PycharmProjects/code/front_end_code/ekt_sfu.py[line:1316] - INFO: FSIM:REF:SPEed
2020-04-13 17:07:37,384 - C:/Users/ivan.zhao/PycharmProjects/code/front_end_code/ekt_sfu.py[line:1316] - INFO: FSIM:REF:SPEed
2020-04-13 17:08:56,052 - C:/Users/ivan.zhao/PycharmProjects/code/front_end_code/ekt_sfu.py[line:1316] - INFO: FSIM:REF:SPEED
2020-04-13 17:09:02,927 - C:/Users/ivan.zhao/PycharmProjects/code/front_end_code/ekt_sfu.py[line:1316] - INFO: FSIM:REF:SPEED
2020-04-13 17:10:13,986 - C:/Users/ivan.zhao/PycharmProjects/code/front_end_code/ekt_sfu.py[line:1316] - INFO: FSIM:REF:SPEED
2020-04-13 17:13:13,161 - C:/Users/ivan.zhao/PycharmProjects/code/front_end_code/ekt_sfu.py[line:1330] - INFO: FSIM:CSP:ON
2020-04-13 17:13:18,948 - C:/Users/ivan.zhao/PycharmProjects/code/front_end_code/ekt_sfu.py[line:1330] - INFO: FSIM:CSP:ON
2020-04-13 17:14:06,417 - C:/Users/ivan.zhao/PycharmProjects/code/front_end_code/ekt_sfu.py[line:1330] - INFO: FSIM:CSP:ON
2020-04-13 17:24:16,257 - C:/Users/ivan.zhao/PycharmProjects/code/front_end_code/ekt_sfu.py[line:1344] - INFO: FSIM:IGN:RFCH ON
2020-04-13 17:38:14,868 - C:/Users/ivan.zhao/PycharmProjects/code/front_end_code/ekt_sfu.py[line:1360] - INFO: FSIM:SDES BB
2020-04-13 17:38:27,165 - C:/Users/ivan.zhao/PycharmProjects/code/front_end_code/ekt_sfu.py[line:1360] - INFO: FSIM:SDES RF
2020-04-13 17:38:33,173 - C:/Users/ivan.zhao/PycharmProjects/code/front_end_code/ekt_sfu.py[line:1360] - INFO: FSIM:SDES RF
2020-04-13 17:38:43,206 - C:/Users/ivan.zhao/PycharmProjects/code/front_end_code/ekt_sfu.py[line:1360] - INFO: FSIM:SDES BB
2020-04-13 17:43:12,051 - C:/Users/ivan.zhao/PycharmProjects/code/front_end_code/ekt_sfu.py[line:1374] - INFO: FSIM:ILOS:MODE USER
2020-04-13 17:46:41,569 - C:/Users/ivan.zhao/PycharmProjects/code/front_end_code/ekt_sfu.py[line:1389] - INFO: FSIM:ILOS 4 dB
2020-04-13 17:46:52,098 - C:/Users/ivan.zhao/PycharmProjects/code/front_end_code/ekt_sfu.py[line:1389] - INFO: FSIM:ILOS 5 dB
2020-04-13 18:07:06,848 - C:/Users/ivan.zhao/PycharmProjects/code/front_end_code/ekt_sfu.py[line:1405] - INFO: DVBC:CONS C256
2020-04-15 15:55:31,888 - C:/Users/ivan.zhao/PycharmProjects/code/front_end_code/ekt_sfe.py[line:295] - INFO: DVBS:SETT ON
2020-04-15 15:55:45,694 - C:/Users/ivan.zhao/PycharmProjects/code/front_end_code/ekt_sfe.py[line:295] - INFO: DVBS:SETT OFF
2020-04-15 15:58:43,118 - C:/Users/ivan.zhao/PycharmProjects/code/front_end_code/ekt_sfe.py[line:308] - INFO: DVBS:TSP S187
2020-04-15 15:58:54,993 - C:/Users/ivan.zhao/PycharmProjects/code/front_end_code/ekt_sfe.py[line:308] - INFO: DVBS:TSP H184
2020-04-15 16:04:24,579 - C:/Users/ivan.zhao/PycharmProjects/code/front_end_code/ekt_sfe.py[line:321] - INFO: DVBS:PRBS P15_1
2020-04-15 16:04:32,970 - C:/Users/ivan.zhao/PycharmProjects/code/front_end_code/ekt_sfe.py[line:321] - INFO: DVBS:PRBS P23_1
2020-04-15 16:05:49,377 - C:/Users/ivan.zhao/PycharmProjects/code/front_end_code/ekt_sfe.py[line:321] - INFO: DVBS:PRBS 111
2020-04-17 16:24:43,026 - C:/Users/ivan.zhao/PycharmProjects/code/front_end_code/ekt_sfe.py[line:80] - INFO: FREQ:STEP 50 kHz
2020-04-17 16:25:21,700 - C:/Users/ivan.zhao/PycharmProjects/code/front_end_code/ekt_sfe.py[line:80] - INFO: FREQ:STEP 50 kHz
2020-04-17 16:26:56,342 - C:/Users/ivan.zhao/PycharmProjects/code/front_end_code/ekt_sfe.py[line:65] - INFO: FREQ:STEP:MODE DEC
2020-04-17 16:26:59,530 - C:/Users/ivan.zhao/PycharmProjects/code/front_end_code/ekt_sfe.py[line:65] - INFO: FREQ:STEP:MODE DEC
2020-04-17 16:27:13,940 - C:/Users/ivan.zhao/PycharmProjects/code/front_end_code/ekt_sfe.py[line:65] - INFO: FREQ:STEP:MODE INCR
2020-04-17 16:27:23,780 - C:/Users/ivan.zhao/PycharmProjects/code/front_end_code/ekt_sfe.py[line:65] - INFO: FREQ:STEP:MODE INCR
2020-04-17 16:45:54,371 - C:/Users/ivan.zhao/PycharmProjects/code/front_end_code/ekt_sfe.py[line:157] - INFO: POW:STEP:MODE INCR
2020-04-17 16:46:06,592 - C:/Users/ivan.zhao/PycharmProjects/code/front_end_code/ekt_sfe.py[line:157] - INFO: POW:STEP:MODE DEC
2020-04-17 16:50:50,849 - C:/Users/ivan.zhao/PycharmProjects/code/front_end_code/ekt_sfe.py[line:170] - INFO: POW:STEP 1.5
2020-04-17 16:51:05,645 - C:/Users/ivan.zhao/PycharmProjects/code/front_end_code/ekt_sfe.py[line:170] - INFO: POW:STEP 2.5
2020-04-27 11:02:28,752 - C:\Users\ivan.zhao\PycharmProjects\code\front_end_code\ekt_sfe.py[line:103] - INFO: POW:LEV -31 dBm
2020-04-27 11:04:01,259 - C:\Users\ivan.zhao\PycharmProjects\code\front_end_code\ekt_sfe.py[line:103] - INFO: POW:LEV -31 dBm
2020-04-27 11:07:52,799 - C:\Users\ivan.zhao\PycharmProjects\code\front_end_code\ekt_sfe.py[line:103] - INFO: POW:LEV -31 dBm
2020-04-27 15:16:19,219 - C:\Users\ivan.zhao\PycharmProjects\code\front_end_code\ekt_sfe.py[line:103] - INFO: POW:LEV -31 dBm
2020-04-27 15:17:37,822 - C:\Users\ivan.zhao\PycharmProjects\code\front_end_code\ekt_sfe.py[line:103] - INFO: POW:LEV -31 dBm
2020-04-27 15:18:13,492 - C:\Users\ivan.zhao\PycharmProjects\code\front_end_code\ekt_sfe.py[line:103] - INFO: POW:LEV -77 dBm
2020-04-27 15:18:44,661 - C:\Users\ivan.zhao\PycharmProjects\code\front_end_code\ekt_sfe.py[line:103] - INFO: POW:LEV -76 dBm
2020-04-27 15:20:57,651 - C:\Users\ivan.zhao\PycharmProjects\code\front_end_code\ekt_sfe.py[line:103] - INFO: POW:LEV -76 dBm
2020-04-27 15:22:04,773 - C:\Users\ivan.zhao\PycharmProjects\code\front_end_code\ekt_sfe.py[line:103] - INFO: POW:LEV -76 dBm
2020-04-27 15:23:09,469 - C:\Users\ivan.zhao\PycharmProjects\code\front_end_code\ekt_sfe.py[line:103] - INFO: POW:LEV -77 dBm
2020-04-27 15:37:05,701 - C:\Users\ivan.zhao\PycharmProjects\code\front_end_code\ekt_sfe.py[line:103] - INFO: POW:LEV -20 dBm
2020-04-27 15:37:52,194 - C:\Users\ivan.zhao\PycharmProjects\code\front_end_code\ekt_sfe.py[line:103] - INFO: POW:LEV -90 dBm
2020-04-27 15:40:31,075 - C:\Users\ivan.zhao\PycharmProjects\code\front_end_code\ekt_sfe.py[line:103] - INFO: POW:LEV -20 dBm
2020-04-27 15:40:56,825 - C:\Users\ivan.zhao\PycharmProjects\code\front_end_code\ekt_sfe.py[line:103] - INFO: POW:LEV -20 dBm
2020-04-27 15:41:43,265 - C:\Users\ivan.zhao\PycharmProjects\code\front_end_code\ekt_sfe.py[line:103] - INFO: POW:LEV -90 dBm
2020-04-27 15:52:54,503 - C:\Users\ivan.zhao\PycharmProjects\code\front_end_code\ekt_sfe.py[line:103] - INFO: POW:LEV -20 dBm
2020-04-27 15:53:39,124 - C:\Users\ivan.zhao\PycharmProjects\code\front_end_code\ekt_sfe.py[line:103] - INFO: POW:LEV -90 dBm
2020-04-27 16:07:47,170 - C:\Users\ivan.zhao\PycharmProjects\code\front_end_code\ekt_sfe.py[line:103] - INFO: POW:LEV -20 dBm
2020-04-27 16:08:34,953 - C:\Users\ivan.zhao\PycharmProjects\code\front_end_code\ekt_sfe.py[line:103] - INFO: POW:LEV -90 dBm
2020-04-27 16:16:00,319 - C:\Users\ivan.zhao\PycharmProjects\code\front_end_code\ekt_sfe.py[line:103] - INFO: POW:LEV -20 dBm
2020-04-27 16:16:47,411 - C:\Users\ivan.zhao\PycharmProjects\code\front_end_code\ekt_sfe.py[line:103] - INFO: POW:LEV -90 dBm
2020-04-27 16:17:17,484 - C:\Users\ivan.zhao\PycharmProjects\code\front_end_code\ekt_sfe.py[line:103] - INFO: POW:LEV -20 dBm
2020-04-27 16:41:00,734 - C:\Users\ivan.zhao\PycharmProjects\code\front_end_code\ekt_sfe.py[line:103] - INFO: POW:LEV -20 dBm
2020-04-27 16:41:46,555 - C:\Users\ivan.zhao\PycharmProjects\code\front_end_code\ekt_sfe.py[line:103] - INFO: POW:LEV -90 dBm
2020-04-27 16:42:18,180 - C:\Users\ivan.zhao\PycharmProjects\code\front_end_code\ekt_sfe.py[line:103] - INFO: POW:LEV -20 dBm
2020-04-27 16:44:40,421 - C:\Users\ivan.zhao\PycharmProjects\code\front_end_code\ekt_sfe.py[line:103] - INFO: POW:LEV -20 dBm
2020-04-27 16:45:28,010 - C:\Users\ivan.zhao\PycharmProjects\code\front_end_code\ekt_sfe.py[line:103] - INFO: POW:LEV -90 dBm
2020-04-27 17:08:05,203 - C:\Users\ivan.zhao\PycharmProjects\code\front_end_code\ekt_sfe.py[line:103] - INFO: POW:LEV -20 dBm
2020-04-27 17:08:50,986 - C:\Users\ivan.zhao\PycharmProjects\code\front_end_code\ekt_sfe.py[line:103] - INFO: POW:LEV -90 dBm
2020-04-27 17:09:05,980 - C:\Users\ivan.zhao\PycharmProjects\code\front_end_code\ekt_sfe.py[line:103] - INFO: POW:LEV -37.5 dBm
2020-04-27 17:09:20,901 - C:\Users\ivan.zhao\PycharmProjects\code\front_end_code\ekt_sfe.py[line:103] - INFO: POW:LEV -2.5 dBm
2020-04-27 17:23:36,461 - C:\Users\ivan.zhao\PycharmProjects\code\front_end_code\ekt_sfe.py[line:103] - INFO: POW:LEV -20 dBm
2020-04-27 17:24:23,345 - C:\Users\ivan.zhao\PycharmProjects\code\front_end_code\ekt_sfe.py[line:103] - INFO: POW:LEV -90 dBm
2020-04-27 17:24:38,348 - C:\Users\ivan.zhao\PycharmProjects\code\front_end_code\ekt_sfe.py[line:103] - INFO: POW:LEV -37.5 dBm
2020-04-27 17:24:53,394 - C:\Users\ivan.zhao\PycharmProjects\code\front_end_code\ekt_sfe.py[line:103] - INFO: POW:LEV -2.5 dBm
2020-04-27 17:25:08,384 - C:\Users\ivan.zhao\PycharmProjects\code\front_end_code\ekt_sfe.py[line:103] - INFO: POW:LEV -20 dBm
2020-04-27 17:25:23,280 - C:\Users\ivan.zhao\PycharmProjects\code\front_end_code\ekt_sfe.py[line:103] - INFO: POW:LEV -37.5 dBm
2020-04-27 17:46:19,283 - C:\Users\ivan.zhao\PycharmProjects\code\front_end_code\ekt_sfe.py[line:103] - INFO: POW:LEV -60 dBm
2020-04-27 17:47:05,596 - C:\Users\ivan.zhao\PycharmProjects\code\front_end_code\ekt_sfe.py[line:103] - INFO: POW:LEV -90 dBm
2020-04-27 17:47:20,799 - C:\Users\ivan.zhao\PycharmProjects\code\front_end_code\ekt_sfe.py[line:103] - INFO: POW:LEV -67.5 dBm
2020-04-27 17:47:35,721 - C:\Users\ivan.zhao\PycharmProjects\code\front_end_code\ekt_sfe.py[line:103] - INFO: POW:LEV -52.5 dBm
2020-04-27 17:53:23,450 - C:\Users\ivan.zhao\PycharmProjects\code\front_end_code\ekt_sfe.py[line:103] - INFO: POW:LEV -60 dBm
2020-04-27 17:54:05,306 - C:\Users\ivan.zhao\PycharmProjects\code\front_end_code\ekt_sfe.py[line:103] - INFO: POW:LEV -60 dBm
2020-04-27 17:54:51,959 - C:\Users\ivan.zhao\PycharmProjects\code\front_end_code\ekt_sfe.py[line:103] - INFO: POW:LEV -90 dBm
2020-04-27 17:55:07,191 - C:\Users\ivan.zhao\PycharmProjects\code\front_end_code\ekt_sfe.py[line:103] - INFO: POW:LEV -67.5 dBm
2020-04-27 17:55:22,378 - C:\Users\ivan.zhao\PycharmProjects\code\front_end_code\ekt_sfe.py[line:103] - INFO: POW:LEV -52.5 dBm
2020-04-27 17:55:37,486 - C:\Users\ivan.zhao\PycharmProjects\code\front_end_code\ekt_sfe.py[line:103] - INFO: POW:LEV -60 dBm
2020-04-27 17:55:54,828 - C:\Users\ivan.zhao\PycharmProjects\code\front_end_code\ekt_sfe.py[line:103] - INFO: POW:LEV -60 dBm
2020-04-27 17:57:03,605 - C:\Users\ivan.zhao\PycharmProjects\code\front_end_code\ekt_sfe.py[line:103] - INFO: POW:LEV -60 dBm
2020-04-27 17:57:50,273 - C:\Users\ivan.zhao\PycharmProjects\code\front_end_code\ekt_sfe.py[line:103] - INFO: POW:LEV -80 dBm
2020-04-27 17:58:05,538 - C:\Users\ivan.zhao\PycharmProjects\code\front_end_code\ekt_sfe.py[line:103] - INFO: POW:LEV -65.0 dBm
2020-04-27 17:58:20,568 - C:\Users\ivan.zhao\PycharmProjects\code\front_end_code\ekt_sfe.py[line:103] - INFO: POW:LEV -55.0 dBm
2020-04-27 18:01:47,786 - C:\Users\ivan.zhao\PycharmProjects\code\front_end_code\ekt_sfe.py[line:103] - INFO: POW:LEV -60 dBm
2020-04-27 18:02:21,752 - C:\Users\ivan.zhao\PycharmProjects\code\front_end_code\ekt_sfe.py[line:103] - INFO: POW:LEV -60 dBm
2020-04-27 18:02:27,095 - C:\Users\ivan.zhao\PycharmProjects\code\front_end_code\ekt_sfe.py[line:103] - INFO: POW:LEV -65 dBm
2020-04-27 18:02:32,440 - C:\Users\ivan.zhao\PycharmProjects\code\front_end_code\ekt_sfe.py[line:103] - INFO: POW:LEV -70 dBm
2020-04-27 18:02:37,782 - C:\Users\ivan.zhao\PycharmProjects\code\front_end_code\ekt_sfe.py[line:103] - INFO: POW:LEV -75 dBm
2020-04-27 18:02:43,032 - C:\Users\ivan.zhao\PycharmProjects\code\front_end_code\ekt_sfe.py[line:103] - INFO: POW:LEV -80 dBm
2020-04-27 18:02:58,733 - C:\Users\ivan.zhao\PycharmProjects\code\front_end_code\ekt_sfe.py[line:103] - INFO: POW:LEV -60 dBm
2020-04-27 18:03:04,076 - C:\Users\ivan.zhao\PycharmProjects\code\front_end_code\ekt_sfe.py[line:103] - INFO: POW:LEV -65 dBm
2020-04-27 18:03:09,421 - C:\Users\ivan.zhao\PycharmProjects\code\front_end_code\ekt_sfe.py[line:103] - INFO: POW:LEV -70 dBm
2020-04-27 18:04:09,681 - C:\Users\ivan.zhao\PycharmProjects\code\front_end_code\ekt_sfe.py[line:103] - INFO: POW:LEV -60 dBm
2020-04-27 18:04:14,931 - C:\Users\ivan.zhao\PycharmProjects\code\front_end_code\ekt_sfe.py[line:103] - INFO: POW:LEV -65 dBm
2020-04-27 18:04:20,275 - C:\Users\ivan.zhao\PycharmProjects\code\front_end_code\ekt_sfe.py[line:103] - INFO: POW:LEV -70 dBm
2020-04-27 18:04:25,618 - C:\Users\ivan.zhao\PycharmProjects\code\front_end_code\ekt_sfe.py[line:103] - INFO: POW:LEV -75 dBm
2020-04-27 18:04:30,960 - C:\Users\ivan.zhao\PycharmProjects\code\front_end_code\ekt_sfe.py[line:103] - INFO: POW:LEV -80 dBm
2020-04-27 18:04:36,305 - C:\Users\ivan.zhao\PycharmProjects\code\front_end_code\ekt_sfe.py[line:103] - INFO: POW:LEV -75 dBm
2020-04-27 18:04:41,555 - C:\Users\ivan.zhao\PycharmProjects\code\front_end_code\ekt_sfe.py[line:103] - INFO: POW:LEV -70 dBm
2020-04-27 18:04:46,835 - C:\Users\ivan.zhao\PycharmProjects\code\front_end_code\ekt_sfe.py[line:103] - INFO: POW:LEV -65 dBm
2020-04-27 18:04:52,101 - C:\Users\ivan.zhao\PycharmProjects\code\front_end_code\ekt_sfe.py[line:103] - INFO: POW:LEV -60 dBm
2020-04-27 18:05:38,924 - C:\Users\ivan.zhao\PycharmProjects\code\front_end_code\ekt_sfe.py[line:103] - INFO: POW:LEV -60 dBm
2020-04-27 18:05:44,267 - C:\Users\ivan.zhao\PycharmProjects\code\front_end_code\ekt_sfe.py[line:103] - INFO: POW:LEV -90 dBm
2020-04-27 18:05:49,628 - C:\Users\ivan.zhao\PycharmProjects\code\front_end_code\ekt_sfe.py[line:103] - INFO: POW:LEV -70 dBm
2020-04-27 18:05:54,877 - C:\Users\ivan.zhao\PycharmProjects\code\front_end_code\ekt_sfe.py[line:103] - INFO: POW:LEV -80 dBm
2020-04-27 18:06:00,220 - C:\Users\ivan.zhao\PycharmProjects\code\front_end_code\ekt_sfe.py[line:103] - INFO: POW:LEV -72 dBm
2020-04-27 18:06:05,563 - C:\Users\ivan.zhao\PycharmProjects\code\front_end_code\ekt_sfe.py[line:103] - INFO: POW:LEV -78 dBm
2020-04-27 18:06:10,813 - C:\Users\ivan.zhao\PycharmProjects\code\front_end_code\ekt_sfe.py[line:103] - INFO: POW:LEV -74 dBm
2020-04-27 18:06:16,157 - C:\Users\ivan.zhao\PycharmProjects\code\front_end_code\ekt_sfe.py[line:103] - INFO: POW:LEV -76 dBm
2020-04-27 18:06:35,842 - C:\Users\ivan.zhao\PycharmProjects\code\front_end_code\ekt_sfe.py[line:103] - INFO: POW:LEV -60 dBm
2020-04-27 18:07:22,510 - C:\Users\ivan.zhao\PycharmProjects\code\front_end_code\ekt_sfe.py[line:103] - INFO: POW:LEV -80 dBm
2020-04-27 18:07:37,822 - C:\Users\ivan.zhao\PycharmProjects\code\front_end_code\ekt_sfe.py[line:103] - INFO: POW:LEV -65.0 dBm
2020-04-27 18:07:53,039 - C:\Users\ivan.zhao\PycharmProjects\code\front_end_code\ekt_sfe.py[line:103] - INFO: POW:LEV -55.0 dBm
2020-04-28 10:34:09,983 - C:\Users\ivan.zhao\PycharmProjects\code\front_end_code\ekt_sfe.py[line:103] - INFO: POW:LEV -60 dBm
2020-04-28 10:34:15,322 - C:\Users\ivan.zhao\PycharmProjects\code\front_end_code\ekt_sfe.py[line:103] - INFO: POW:LEV -65 dBm
2020-04-28 10:34:20,667 - C:\Users\ivan.zhao\PycharmProjects\code\front_end_code\ekt_sfe.py[line:103] - INFO: POW:LEV -70 dBm
2020-04-28 10:34:25,996 - C:\Users\ivan.zhao\PycharmProjects\code\front_end_code\ekt_sfe.py[line:103] - INFO: POW:LEV -75 dBm
2020-04-28 10:34:31,355 - C:\Users\ivan.zhao\PycharmProjects\code\front_end_code\ekt_sfe.py[line:103] - INFO: POW:LEV -80 dBm
2020-04-28 10:34:36,697 - C:\Users\ivan.zhao\PycharmProjects\code\front_end_code\ekt_sfe.py[line:103] - INFO: POW:LEV -75 dBm
2020-04-28 10:34:42,042 - C:\Users\ivan.zhao\PycharmProjects\code\front_end_code\ekt_sfe.py[line:103] - INFO: POW:LEV -70 dBm
2020-04-28 10:34:47,385 - C:\Users\ivan.zhao\PycharmProjects\code\front_end_code\ekt_sfe.py[line:103] - INFO: POW:LEV -65 dBm
2020-04-28 10:34:52,637 - C:\Users\ivan.zhao\PycharmProjects\code\front_end_code\ekt_sfe.py[line:103] - INFO: POW:LEV -60 dBm
2020-04-28 10:35:09,480 - C:\Users\ivan.zhao\PycharmProjects\code\front_end_code\ekt_sfe.py[line:103] - INFO: POW:LEV -60 dBm
2020-04-28 10:35:14,825 - C:\Users\ivan.zhao\PycharmProjects\code\front_end_code\ekt_sfe.py[line:103] - INFO: POW:LEV -90 dBm
2020-04-28 10:35:20,167 - C:\Users\ivan.zhao\PycharmProjects\code\front_end_code\ekt_sfe.py[line:103] - INFO: POW:LEV -70 dBm
2020-04-28 10:35:25,512 - C:\Users\ivan.zhao\PycharmProjects\code\front_end_code\ekt_sfe.py[line:103] - INFO: POW:LEV -80 dBm
2020-04-28 10:35:30,855 - C:\Users\ivan.zhao\PycharmProjects\code\front_end_code\ekt_sfe.py[line:103] - INFO: POW:LEV -72 dBm
2020-04-28 10:35:36,200 - C:\Users\ivan.zhao\PycharmProjects\code\front_end_code\ekt_sfe.py[line:103] - INFO: POW:LEV -78 dBm
2020-04-28 10:35:41,543 - C:\Users\ivan.zhao\PycharmProjects\code\front_end_code\ekt_sfe.py[line:103] - INFO: POW:LEV -74 dBm
2020-04-28 10:35:46,793 - C:\Users\ivan.zhao\PycharmProjects\code\front_end_code\ekt_sfe.py[line:103] - INFO: POW:LEV -76 dBm
2020-04-28 10:36:13,404 - C:\Users\ivan.zhao\PycharmProjects\code\front_end_code\ekt_sfe.py[line:103] - INFO: POW:LEV -60 dBm
2020-04-28 10:36:59,451 - C:\Users\ivan.zhao\PycharmProjects\code\front_end_code\ekt_sfe.py[line:103] - INFO: POW:LEV -90 dBm
2020-04-28 10:37:14,717 - C:\Users\ivan.zhao\PycharmProjects\code\front_end_code\ekt_sfe.py[line:103] - INFO: POW:LEV -67.5 dBm
2020-04-28 10:37:29,858 - C:\Users\ivan.zhao\PycharmProjects\code\front_end_code\ekt_sfe.py[line:103] - INFO: POW:LEV -52.5 dBm
2020-04-28 10:40:34,894 - C:\Users\ivan.zhao\PycharmProjects\code\front_end_code\ekt_sfe.py[line:103] - INFO: POW:LEV -60 dBm
2020-04-28 10:40:50,239 - C:\Users\ivan.zhao\PycharmProjects\code\front_end_code\ekt_sfe.py[line:103] - INFO: POW:LEV -90 dBm
2020-04-28 10:41:05,551 - C:\Users\ivan.zhao\PycharmProjects\code\front_end_code\ekt_sfe.py[line:103] - INFO: POW:LEV -70 dBm
2020-04-28 10:41:20,802 - C:\Users\ivan.zhao\PycharmProjects\code\front_end_code\ekt_sfe.py[line:103] - INFO: POW:LEV -80 dBm
2020-04-28 10:41:36,052 - C:\Users\ivan.zhao\PycharmProjects\code\front_end_code\ekt_sfe.py[line:103] - INFO: POW:LEV -72 dBm
2020-04-28 10:41:51,411 - C:\Users\ivan.zhao\PycharmProjects\code\front_end_code\ekt_sfe.py[line:103] - INFO: POW:LEV -78 dBm
2020-04-28 10:42:06,756 - C:\Users\ivan.zhao\PycharmProjects\code\front_end_code\ekt_sfe.py[line:103] - INFO: POW:LEV -74 dBm
2020-04-28 10:42:22,006 - C:\Users\ivan.zhao\PycharmProjects\code\front_end_code\ekt_sfe.py[line:103] - INFO: POW:LEV -76 dBm
2020-04-28 10:45:33,605 - C:\Users\ivan.zhao\PycharmProjects\code\front_end_code\ekt_sfe.py[line:103] - INFO: POW:LEV -60 dBm
2020-04-28 10:45:48,947 - C:\Users\ivan.zhao\PycharmProjects\code\front_end_code\ekt_sfe.py[line:103] - INFO: POW:LEV -65 dBm
2020-04-28 10:46:04,293 - C:\Users\ivan.zhao\PycharmProjects\code\front_end_code\ekt_sfe.py[line:103] - INFO: POW:LEV -70 dBm
2020-04-28 10:46:19,542 - C:\Users\ivan.zhao\PycharmProjects\code\front_end_code\ekt_sfe.py[line:103] - INFO: POW:LEV -75 dBm
2020-04-28 10:46:34,793 - C:\Users\ivan.zhao\PycharmProjects\code\front_end_code\ekt_sfe.py[line:103] - INFO: POW:LEV -80 dBm
2020-04-28 10:46:50,045 - C:\Users\ivan.zhao\PycharmProjects\code\front_end_code\ekt_sfe.py[line:103] - INFO: POW:LEV -75 dBm
2020-04-28 10:47:05,372 - C:\Users\ivan.zhao\PycharmProjects\code\front_end_code\ekt_sfe.py[line:103] - INFO: POW:LEV -70 dBm
2020-04-28 10:47:20,717 - C:\Users\ivan.zhao\PycharmProjects\code\front_end_code\ekt_sfe.py[line:103] - INFO: POW:LEV -65 dBm
2020-04-28 10:47:35,967 - C:\Users\ivan.zhao\PycharmProjects\code\front_end_code\ekt_sfe.py[line:103] - INFO: POW:LEV -60 dBm
2020-04-28 11:47:24,584 - C:\Users\ivan.zhao\PycharmProjects\code\front_end_code\ekt_sfe.py[line:103] - INFO: POW:LEV -60 dBm
2020-04-28 11:47:39,924 - C:\Users\ivan.zhao\PycharmProjects\code\front_end_code\ekt_sfe.py[line:103] - INFO: POW:LEV -90 dBm
2020-04-28 11:47:55,253 - C:\Users\ivan.zhao\PycharmProjects\code\front_end_code\ekt_sfe.py[line:103] - INFO: POW:LEV -70 dBm
2020-04-28 11:48:10,598 - C:\Users\ivan.zhao\PycharmProjects\code\front_end_code\ekt_sfe.py[line:103] - INFO: POW:LEV -80 dBm
2020-04-28 11:52:14,102 - C:\Users\ivan.zhao\PycharmProjects\code\front_end_code\ekt_sfe.py[line:103] - INFO: POW:LEV -60 dBm
2020-04-28 11:52:29,368 - C:\Users\ivan.zhao\PycharmProjects\code\front_end_code\ekt_sfe.py[line:103] - INFO: POW:LEV -65 dBm
2020-04-28 11:52:44,618 - C:\Users\ivan.zhao\PycharmProjects\code\front_end_code\ekt_sfe.py[line:103] - INFO: POW:LEV -70 dBm
2020-04-28 11:52:59,963 - C:\Users\ivan.zhao\PycharmProjects\code\front_end_code\ekt_sfe.py[line:103] - INFO: POW:LEV -75 dBm
2020-04-28 11:53:15,213 - C:\Users\ivan.zhao\PycharmProjects\code\front_end_code\ekt_sfe.py[line:103] - INFO: POW:LEV -80 dBm
2020-04-28 11:53:30,558 - C:\Users\ivan.zhao\PycharmProjects\code\front_end_code\ekt_sfe.py[line:103] - INFO: POW:LEV -85 dBm
2020-04-28 11:53:45,869 - C:\Users\ivan.zhao\PycharmProjects\code\front_end_code\ekt_sfe.py[line:103] - INFO: POW:LEV -80 dBm
2020-04-28 11:54:01,214 - C:\Users\ivan.zhao\PycharmProjects\code\front_end_code\ekt_sfe.py[line:103] - INFO: POW:LEV -75 dBm
2020-04-28 11:54:16,559 - C:\Users\ivan.zhao\PycharmProjects\code\front_end_code\ekt_sfe.py[line:103] - INFO: POW:LEV -70 dBm
2020-04-28 11:54:35,105 - C:\Users\ivan.zhao\PycharmProjects\code\front_end_code\ekt_sfe.py[line:103] - INFO: POW:LEV -100 dBm
2020-04-28 11:54:50,357 - C:\Users\ivan.zhao\PycharmProjects\code\front_end_code\ekt_sfe.py[line:103] - INFO: POW:LEV 0 dBm
2020-04-28 11:55:05,700 - C:\Users\ivan.zhao\PycharmProjects\code\front_end_code\ekt_sfe.py[line:103] - INFO: POW:LEV -100 dBm
2020-04-28 11:57:21,359 - C:\Users\ivan.zhao\PycharmProjects\code\front_end_code\ekt_sfe.py[line:103] - INFO: POW:LEV -100 dBm
2020-04-28 11:57:36,703 - C:\Users\ivan.zhao\PycharmProjects\code\front_end_code\ekt_sfe.py[line:103] - INFO: POW:LEV 0 dBm
2020-04-28 11:57:52,049 - C:\Users\ivan.zhao\PycharmProjects\code\front_end_code\ekt_sfe.py[line:103] - INFO: POW:LEV -100 dBm
2020-04-28 11:58:07,298 - C:\Users\ivan.zhao\PycharmProjects\code\front_end_code\ekt_sfe.py[line:103] - INFO: POW:LEV 0 dBm
2020-04-28 11:58:44,174 - C:\Users\ivan.zhao\PycharmProjects\code\front_end_code\ekt_sfe.py[line:103] - INFO: POW:LEV -100 dBm
2020-04-28 11:58:59,519 - C:\Users\ivan.zhao\PycharmProjects\code\front_end_code\ekt_sfe.py[line:103] - INFO: POW:LEV 0 dBm
2020-04-28 11:59:14,862 - C:\Users\ivan.zhao\PycharmProjects\code\front_end_code\ekt_sfe.py[line:103] - INFO: POW:LEV -100 dBm
2020-04-28 11:59:30,190 - C:\Users\ivan.zhao\PycharmProjects\code\front_end_code\ekt_sfe.py[line:103] - INFO: POW:LEV 0 dBm
2020-04-28 12:05:14,762 - C:\Users\ivan.zhao\PycharmProjects\code\front_end_code\ekt_sfe.py[line:103] - INFO: POW:LEV -100 dBm
2020-04-28 12:05:30,107 - C:\Users\ivan.zhao\PycharmProjects\code\front_end_code\ekt_sfe.py[line:103] - INFO: POW:LEV 0 dBm
2020-04-28 12:05:45,434 - C:\Users\ivan.zhao\PycharmProjects\code\front_end_code\ekt_sfe.py[line:103] - INFO: POW:LEV -100 dBm
2020-04-28 12:06:00,686 - C:\Users\ivan.zhao\PycharmProjects\code\front_end_code\ekt_sfe.py[line:103] - INFO: POW:LEV 0 dBm
2020-04-28 12:07:22,219 - C:\Users\ivan.zhao\PycharmProjects\code\front_end_code\ekt_sfe.py[line:103] - INFO: POW:LEV -70 dBm
2020-04-28 12:07:37,469 - C:\Users\ivan.zhao\PycharmProjects\code\front_end_code\ekt_sfe.py[line:103] - INFO: POW:LEV -75 dBm
2020-04-28 12:07:52,813 - C:\Users\ivan.zhao\PycharmProjects\code\front_end_code\ekt_sfe.py[line:103] - INFO: POW:LEV -80 dBm
2020-04-28 12:08:08,157 - C:\Users\ivan.zhao\PycharmProjects\code\front_end_code\ekt_sfe.py[line:103] - INFO: POW:LEV -75 dBm
2020-04-28 12:08:23,407 - C:\Users\ivan.zhao\PycharmProjects\code\front_end_code\ekt_sfe.py[line:103] - INFO: POW:LEV -70 dBm
2020-04-28 12:09:51,957 - C:\Users\ivan.zhao\PycharmProjects\code\front_end_code\ekt_sfe.py[line:103] - INFO: POW:LEV -70 dBm
2020-04-28 12:09:57,206 - C:\Users\ivan.zhao\PycharmProjects\code\front_end_code\ekt_sfe.py[line:103] - INFO: POW:LEV -75 dBm
2020-04-28 12:10:02,551 - C:\Users\ivan.zhao\PycharmProjects\code\front_end_code\ekt_sfe.py[line:103] - INFO: POW:LEV -80 dBm
2020-04-28 12:10:07,910 - C:\Users\ivan.zhao\PycharmProjects\code\front_end_code\ekt_sfe.py[line:103] - INFO: POW:LEV -75 dBm
2020-04-28 12:10:13,255 - C:\Users\ivan.zhao\PycharmProjects\code\front_end_code\ekt_sfe.py[line:103] - INFO: POW:LEV -70 dBm
2020-04-28 12:10:31,723 - C:\Users\ivan.zhao\PycharmProjects\code\front_end_code\ekt_sfe.py[line:103] - INFO: POW:LEV -60 dBm
2020-04-28 12:10:37,066 - C:\Users\ivan.zhao\PycharmProjects\code\front_end_code\ekt_sfe.py[line:103] - INFO: POW:LEV -90 dBm
2020-04-28 12:10:42,411 - C:\Users\ivan.zhao\PycharmProjects\code\front_end_code\ekt_sfe.py[line:103] - INFO: POW:LEV -70 dBm
2020-04-28 12:10:47,660 - C:\Users\ivan.zhao\PycharmProjects\code\front_end_code\ekt_sfe.py[line:103] - INFO: POW:LEV -80 dBm
2020-04-28 12:10:53,005 - C:\Users\ivan.zhao\PycharmProjects\code\front_end_code\ekt_sfe.py[line:103] - INFO: POW:LEV -72 dBm
2020-04-28 12:10:58,348 - C:\Users\ivan.zhao\PycharmProjects\code\front_end_code\ekt_sfe.py[line:103] - INFO: POW:LEV -78 dBm
2020-04-28 12:11:03,693 - C:\Users\ivan.zhao\PycharmProjects\code\front_end_code\ekt_sfe.py[line:103] - INFO: POW:LEV -74 dBm
2020-04-28 12:11:08,941 - C:\Users\ivan.zhao\PycharmProjects\code\front_end_code\ekt_sfe.py[line:103] - INFO: POW:LEV -76 dBm
