2020-04-14 10:07:39,161 - C:/Users/ivan.zhao/PycharmProjects/code/front_end_code/ekt_sfu.py[line:1434] - INFO: DVBT:RATE R7_8
2020-04-14 14:52:51,674 - C:/Users/ivan.zhao/PycharmProjects/code/front_end_code/ekt_sfu.py[line:1434] - INFO: DVBT:RATE R7_8
2020-04-14 15:04:40,881 - C:/Users/ivan.zhao/PycharmProjects/code/front_end_code/ekt_sfu.py[line:1448] - INFO: DVBT:CONS T64
2020-04-14 15:04:57,657 - C:/Users/ivan.zhao/PycharmProjects/code/front_end_code/ekt_sfu.py[line:1448] - INFO: DVBT:CONS T16
2020-04-14 16:20:08,397 - C:/Users/ivan.zhao/PycharmProjects/code/front_end_code/ekt_sfu.py[line:1463] - INFO: DVBT:CONS G1_16
2020-04-14 16:20:51,687 - C:/Users/ivan.zhao/PycharmProjects/code/front_end_code/ekt_sfu.py[line:1463] - INFO: DVBT:GUAR:INT G1_16
2020-04-14 16:21:04,562 - C:/Users/ivan.zhao/PycharmProjects/code/front_end_code/ekt_sfu.py[line:1463] - INFO: DVBT:GUAR:INT G1_32
2020-04-14 16:32:06,683 - C:/Users/ivan.zhao/PycharmProjects/code/front_end_code/ekt_sfu.py[line:1478] - INFO: DVBT:CHAN BW_7
2020-04-14 16:36:41,674 - C:/Users/ivan.zhao/PycharmProjects/code/front_end_code/ekt_sfu.py[line:1492] - INFO: DVBT:FFT:MODE M8K
2020-04-14 16:42:08,099 - C:/Users/ivan.zhao/PycharmProjects/code/front_end_code/ekt_sfu.py[line:1475] - INFO: DVBT:DVHS ON
2020-04-14 16:42:20,424 - C:/Users/ivan.zhao/PycharmProjects/code/front_end_code/ekt_sfu.py[line:1475] - INFO: DVBT:DVHS OFF
2020-04-14 16:46:27,813 - C:/Users/ivan.zhao/PycharmProjects/code/front_end_code/ekt_sfu.py[line:1490] - INFO: DVBT:HIER A4
2020-04-14 16:46:49,088 - C:/Users/ivan.zhao/PycharmProjects/code/front_end_code/ekt_sfu.py[line:1490] - INFO: DVBT:HIER NONHier
2020-04-14 16:52:52,832 - C:/Users/ivan.zhao/PycharmProjects/code/front_end_code/ekt_sfu.py[line:1540] - INFO: T2DV:FFT:MODE M2K
2020-04-14 16:57:48,201 - C:/Users/ivan.zhao/PycharmProjects/code/front_end_code/ekt_sfu.py[line:1557] - INFO: T2DV:CHAN BW_5
2020-04-14 17:03:29,545 - C:/Users/ivan.zhao/PycharmProjects/code/front_end_code/ekt_sfu.py[line:1575] - INFO: T2DV:GUAR:INT G1_32
2020-04-14 17:03:41,385 - C:/Users/ivan.zhao/PycharmProjects/code/front_end_code/ekt_sfu.py[line:1575] - INFO: T2DV:GUAR:INT G1128
2020-04-14 17:11:29,516 - C:/Users/ivan.zhao/PycharmProjects/code/front_end_code/ekt_sfu.py[line:1594] - INFO: T2DV:PLP1:RATE R3_5
2020-04-14 17:11:45,815 - C:/Users/ivan.zhao/PycharmProjects/code/front_end_code/ekt_sfu.py[line:1594] - INFO: T2DV:PLP1:RATE R3_4
2020-04-14 17:16:59,451 - C:/Users/ivan.zhao/PycharmProjects/code/front_end_code/ekt_sfu.py[line:1609] - INFO: T2DV:PLP1:CONS T64
2020-04-14 17:33:03,204 - C:/Users/ivan.zhao/PycharmProjects/code/front_end_code/ekt_sfu.py[line:1622] - INFO: T2DV:PLP1:CROT OFF
2020-04-14 17:33:10,881 - C:/Users/ivan.zhao/PycharmProjects/code/front_end_code/ekt_sfu.py[line:1622] - INFO: T2DV:PLP1:CROT ON
2020-04-14 17:41:48,229 - C:/Users/ivan.zhao/PycharmProjects/code/front_end_code/ekt_sfu.py[line:1635] - INFO: T2DV:PIDT VARiable
2020-04-14 17:42:01,285 - C:/Users/ivan.zhao/PycharmProjects/code/front_end_code/ekt_sfu.py[line:1635] - INFO: T2DV:PIDT NULL
2020-04-14 17:59:28,677 - C:/Users/ivan.zhao/PycharmProjects/code/front_end_code/ekt_sfu.py[line:1649] - INFO: J83B:SOUR EXTernal
2020-04-14 17:59:36,243 - C:/Users/ivan.zhao/PycharmProjects/code/front_end_code/ekt_sfu.py[line:1649] - INFO: J83B:SOUR EXTernal
2020-04-14 17:59:45,749 - C:/Users/ivan.zhao/PycharmProjects/code/front_end_code/ekt_sfu.py[line:1649] - INFO: J83B:SOUR TSPLayer
2020-04-14 17:59:55,788 - C:/Users/ivan.zhao/PycharmProjects/code/front_end_code/ekt_sfu.py[line:1649] - INFO: J83B:SOUR TESTsignal
2020-04-14 18:00:10,045 - C:/Users/ivan.zhao/PycharmProjects/code/front_end_code/ekt_sfu.py[line:1649] - INFO: J83B:SOUR TSPLayer
2020-04-14 18:07:14,835 - C:/Users/ivan.zhao/PycharmProjects/code/front_end_code/ekt_sfu.py[line:1669] - INFO: J83B:SYMB 5.5e6
2020-04-14 18:07:31,236 - C:/Users/ivan.zhao/PycharmProjects/code/front_end_code/ekt_sfu.py[line:1669] - INFO: J83B:SYMB 1.5e6
2020-04-14 18:07:49,924 - C:/Users/ivan.zhao/PycharmProjects/code/front_end_code/ekt_sfu.py[line:1669] - INFO: J83B:SYMB 3.5e6
2020-04-14 18:08:22,326 - C:/Users/ivan.zhao/PycharmProjects/code/front_end_code/ekt_sfu.py[line:1669] - INFO: J83B:SYMB 4.7e6
2020-04-14 18:18:04,594 - C:/Users/ivan.zhao/PycharmProjects/code/front_end_code/ekt_sfu.py[line:1706] - INFO: J83B:INT:MODE 0
2020-04-14 18:18:16,351 - C:/Users/ivan.zhao/PycharmProjects/code/front_end_code/ekt_sfu.py[line:1706] - INFO: J83B:INT:MODE 0
2020-04-14 18:18:28,507 - C:/Users/ivan.zhao/PycharmProjects/code/front_end_code/ekt_sfu.py[line:1706] - INFO: J83B:INT:MODE 1
2020-04-14 18:18:46,266 - C:/Users/ivan.zhao/PycharmProjects/code/front_end_code/ekt_sfu.py[line:1706] - INFO: J83B:INT:MODE 0
2020-04-14 18:18:59,542 - C:/Users/ivan.zhao/PycharmProjects/code/front_end_code/ekt_sfu.py[line:1706] - INFO: J83B:INT:MODE 1
2020-04-15 09:50:08,821 - C:/Users/ivan.zhao/PycharmProjects/code/front_end_code/ekt_sfu.py[line:1706] - INFO: J83B:SETT ON
2020-04-15 09:50:25,898 - C:/Users/ivan.zhao/PycharmProjects/code/front_end_code/ekt_sfu.py[line:1706] - INFO: J83B:SETT OFF
2020-04-15 09:54:16,377 - C:/Users/ivan.zhao/PycharmProjects/code/front_end_code/ekt_sfu.py[line:1719] - INFO: J83B:CHEC OFF
2020-04-15 09:54:23,532 - C:/Users/ivan.zhao/PycharmProjects/code/front_end_code/ekt_sfu.py[line:1719] - INFO: J83B:CHEC ON
2020-04-15 09:57:02,641 - C:/Users/ivan.zhao/PycharmProjects/code/front_end_code/ekt_sfu.py[line:1732] - INFO: J83B:REED OFF
2020-04-15 09:59:43,283 - C:/Users/ivan.zhao/PycharmProjects/code/front_end_code/ekt_sfu.py[line:1745] - INFO: J83B:INT OFF
2020-04-15 10:00:01,470 - C:/Users/ivan.zhao/PycharmProjects/code/front_end_code/ekt_sfu.py[line:1745] - INFO: J83B:INT OFF
2020-04-15 10:00:24,433 - C:/Users/ivan.zhao/PycharmProjects/code/front_end_code/ekt_sfu.py[line:1745] - INFO: J83B:INT OFF
2020-04-15 10:01:30,724 - C:/Users/ivan.zhao/PycharmProjects/code/front_end_code/ekt_sfu.py[line:1745] - INFO: J83B:INT OFF
2020-04-15 10:05:01,552 - C:/Users/ivan.zhao/PycharmProjects/code/front_end_code/ekt_sfu.py[line:1758] - INFO: J83B:RAND OFF
2020-04-15 10:08:58,772 - C:/Users/ivan.zhao/PycharmProjects/code/front_end_code/ekt_sfu.py[line:1772] - INFO: J83B:TSP H184
2020-04-15 10:09:40,973 - C:/Users/ivan.zhao/PycharmProjects/code/front_end_code/ekt_sfu.py[line:1772] - INFO: J83B:TSP S187
2020-04-15 10:09:47,954 - C:/Users/ivan.zhao/PycharmProjects/code/front_end_code/ekt_sfu.py[line:1772] - INFO: J83B:TSP H184
2020-04-15 10:12:03,861 - C:/Users/ivan.zhao/PycharmProjects/code/front_end_code/ekt_sfu.py[line:1785] - INFO: J83B:PIDT VAR
2020-04-15 10:12:15,562 - C:/Users/ivan.zhao/PycharmProjects/code/front_end_code/ekt_sfu.py[line:1785] - INFO: J83B:PIDT NULL
2020-04-15 10:16:52,964 - C:/Users/ivan.zhao/PycharmProjects/code/front_end_code/ekt_sfu.py[line:1799] - INFO: J83B:PAYL HFF
2020-04-15 10:17:08,068 - C:/Users/ivan.zhao/PycharmProjects/code/front_end_code/ekt_sfu.py[line:1799] - INFO: J83B:PAYL H00
2020-04-15 10:21:17,973 - C:/Users/ivan.zhao/PycharmProjects/code/front_end_code/ekt_sfu.py[line:1812] - INFO: J83B:PRBS P23_1
2020-04-15 10:21:27,956 - C:/Users/ivan.zhao/PycharmProjects/code/front_end_code/ekt_sfu.py[line:1812] - INFO: J83B:PRBS P15_1
2020-04-15 10:31:30,197 - C:/Users/ivan.zhao/PycharmProjects/code/front_end_code/ekt_sfu.py[line:1638] - INFO: T2DV:PIDT S187
2020-04-15 10:31:38,279 - C:/Users/ivan.zhao/PycharmProjects/code/front_end_code/ekt_sfu.py[line:1638] - INFO: T2DV:PIDT S187
2020-04-15 10:31:56,226 - C:/Users/ivan.zhao/PycharmProjects/code/front_end_code/ekt_sfu.py[line:1638] - INFO: T2DV:TSP S187
2020-04-15 10:32:08,436 - C:/Users/ivan.zhao/PycharmProjects/code/front_end_code/ekt_sfu.py[line:1638] - INFO: T2DV:TSP H184
2020-04-15 10:35:18,046 - C:/Users/ivan.zhao/PycharmProjects/code/front_end_code/ekt_sfu.py[line:1665] - INFO: T2DV:PAYL HFF
2020-04-15 10:35:26,924 - C:/Users/ivan.zhao/PycharmProjects/code/front_end_code/ekt_sfu.py[line:1665] - INFO: T2DV:PAYL H00
2020-04-15 10:39:10,621 - C:/Users/ivan.zhao/PycharmProjects/code/front_end_code/ekt_sfu.py[line:1678] - INFO: T2DV:PRBS P15_1
2020-04-15 10:39:20,206 - C:/Users/ivan.zhao/PycharmProjects/code/front_end_code/ekt_sfu.py[line:1678] - INFO: T2DV:PRBS P23_1
2020-04-15 10:46:38,354 - C:/Users/ivan.zhao/PycharmProjects/code/front_end_code/ekt_sfu.py[line:1591] - INFO: T2DV:PLP1:FECF NORMal
2020-04-15 10:46:46,499 - C:/Users/ivan.zhao/PycharmProjects/code/front_end_code/ekt_sfu.py[line:1591] - INFO: T2DV:PLP1:FECF SHORt
2020-04-15 10:50:27,835 - C:/Users/ivan.zhao/PycharmProjects/code/front_end_code/ekt_sfu.py[line:1651] - INFO: T2DV:PLP1:TIL:TYPE 1
2020-04-15 10:50:36,986 - C:/Users/ivan.zhao/PycharmProjects/code/front_end_code/ekt_sfu.py[line:1651] - INFO: T2DV:PLP1:TIL:TYPE 0
2020-04-15 10:54:25,510 - C:/Users/ivan.zhao/PycharmProjects/code/front_end_code/ekt_sfu.py[line:1664] - INFO: T2DV:PLP1:TIL:FINT 10
2020-04-15 10:54:40,394 - C:/Users/ivan.zhao/PycharmProjects/code/front_end_code/ekt_sfu.py[line:1664] - INFO: T2DV:PLP1:TIL:FINT 2
2020-04-15 10:59:12,497 - C:/Users/ivan.zhao/PycharmProjects/code/front_end_code/ekt_sfu.py[line:1677] - INFO: T2DV:PLP1:TIL:LENG 4
2020-04-15 11:09:11,137 - C:/Users/ivan.zhao/PycharmProjects/code/front_end_code/ekt_sfu.py[line:1554] - INFO: T2DV:BAND:VAR 4
2020-04-15 11:13:35,740 - C:/Users/ivan.zhao/PycharmProjects/code/front_end_code/ekt_sfu.py[line:1611] - INFO: T2DV:PIL PP1
2020-04-15 11:17:10,782 - C:/Users/ivan.zhao/PycharmProjects/code/front_end_code/ekt_sfu.py[line:1622] - INFO: T2DV:NT2F 30
2020-04-15 11:22:31,032 - C:/Users/ivan.zhao/PycharmProjects/code/front_end_code/ekt_sfu.py[line:1633] - INFO: T2DV:LDAT 60
2020-04-15 11:28:59,948 - C:/Users/ivan.zhao/PycharmProjects/code/front_end_code/ekt_sfu.py[line:1644] - INFO: T2DV:NSUB 2
2020-04-15 11:34:08,802 - C:/Users/ivan.zhao/PycharmProjects/code/front_end_code/ekt_sfu.py[line:1537] - INFO: T2DV:INP:T2MI:INT ON
2020-04-15 11:34:18,601 - C:/Users/ivan.zhao/PycharmProjects/code/front_end_code/ekt_sfu.py[line:1537] - INFO: T2DV:INP:T2MI:INT OFF
2020-04-15 11:37:16,266 - C:/Users/ivan.zhao/PycharmProjects/code/front_end_code/ekt_sfu.py[line:1550] - INFO: T2DV:INP:T2MI INTernal
2020-04-15 11:37:24,844 - C:/Users/ivan.zhao/PycharmProjects/code/front_end_code/ekt_sfu.py[line:1550] - INFO: T2DV:INP:T2MI EXTernal
2020-04-15 11:37:39,306 - C:/Users/ivan.zhao/PycharmProjects/code/front_end_code/ekt_sfu.py[line:1550] - INFO: T2DV:INP:T2MI EXTernal
2020-04-15 11:38:22,270 - C:/Users/ivan.zhao/PycharmProjects/code/front_end_code/ekt_sfu.py[line:1550] - INFO: T2DV:INP:T2MI EXTernal
2020-04-15 11:40:24,484 - C:/Users/ivan.zhao/PycharmProjects/code/front_end_code/ekt_sfu.py[line:1563] - INFO: T2DV:INP:NPLP 2
2020-04-15 11:42:49,924 - C:/Users/ivan.zhao/PycharmProjects/code/front_end_code/ekt_sfu.py[line:1578] - INFO: T2DV:PLP1:INP:FORM GSE
2020-04-15 11:46:25,966 - C:/Users/ivan.zhao/PycharmProjects/code/front_end_code/ekt_sfu.py[line:1592] - INFO: T2DV:PLP1:INP:SOUR EXTernal
2020-04-15 11:46:34,900 - C:/Users/ivan.zhao/PycharmProjects/code/front_end_code/ekt_sfu.py[line:1592] - INFO: T2DV:PLP1:INP:SOUR TSPLayer
2020-04-15 11:46:43,068 - C:/Users/ivan.zhao/PycharmProjects/code/front_end_code/ekt_sfu.py[line:1592] - INFO: T2DV:PLP1:INP:SOUR TESTsignal
2020-04-15 11:46:55,713 - C:/Users/ivan.zhao/PycharmProjects/code/front_end_code/ekt_sfu.py[line:1592] - INFO: T2DV:PLP1:INP:SOUR TSPLayer
2020-04-15 11:49:47,621 - C:/Users/ivan.zhao/PycharmProjects/code/front_end_code/ekt_sfu.py[line:1605] - INFO: T2DV:PLP1:INP:STUF OFF
2020-04-15 11:50:01,230 - C:/Users/ivan.zhao/PycharmProjects/code/front_end_code/ekt_sfu.py[line:1605] - INFO: T2DV:PLP1:INP:STUF ON
2020-04-15 11:50:10,256 - C:/Users/ivan.zhao/PycharmProjects/code/front_end_code/ekt_sfu.py[line:1605] - INFO: T2DV:PLP1:INP:STUF OFF
2020-04-15 11:58:54,641 - C:/Users/ivan.zhao/PycharmProjects/code/front_end_code/ekt_sfu.py[line:1433] - INFO: DVBT:SOUR EXTernal
2020-04-15 11:59:02,562 - C:/Users/ivan.zhao/PycharmProjects/code/front_end_code/ekt_sfu.py[line:1433] - INFO: DVBT:SOUR TSPLayer
2020-04-15 11:59:10,713 - C:/Users/ivan.zhao/PycharmProjects/code/front_end_code/ekt_sfu.py[line:1433] - INFO: DVBT:SOUR TESTsignal
2020-04-15 11:59:18,542 - C:/Users/ivan.zhao/PycharmProjects/code/front_end_code/ekt_sfu.py[line:1433] - INFO: DVBT:SOUR TSPLayer
2020-04-15 12:02:14,894 - C:/Users/ivan.zhao/PycharmProjects/code/front_end_code/ekt_sfu.py[line:1447] - INFO: DVBT:STUF OFF
2020-04-15 12:02:23,388 - C:/Users/ivan.zhao/PycharmProjects/code/front_end_code/ekt_sfu.py[line:1447] - INFO: DVBT:STUF ON
2020-04-15 12:06:19,022 - C:/Users/ivan.zhao/PycharmProjects/code/front_end_code/ekt_sfu.py[line:1562] - INFO: DVBT:SETT ON
2020-04-15 12:06:30,069 - C:/Users/ivan.zhao/PycharmProjects/code/front_end_code/ekt_sfu.py[line:1562] - INFO: DVBT:SETT OFF
2020-04-15 12:10:07,502 - C:/Users/ivan.zhao/PycharmProjects/code/front_end_code/ekt_sfu.py[line:1575] - INFO: DVBT:TSP H184
2020-04-15 12:10:16,959 - C:/Users/ivan.zhao/PycharmProjects/code/front_end_code/ekt_sfu.py[line:1575] - INFO: DVBT:TSP S187
2020-04-15 12:11:52,714 - C:/Users/ivan.zhao/PycharmProjects/code/front_end_code/ekt_sfu.py[line:1588] - INFO: DVBT:PIDT NULL
2020-04-15 12:12:00,834 - C:/Users/ivan.zhao/PycharmProjects/code/front_end_code/ekt_sfu.py[line:1588] - INFO: DVBT:PIDT VARiable
2020-04-15 12:14:30,336 - C:/Users/ivan.zhao/PycharmProjects/code/front_end_code/ekt_sfu.py[line:1602] - INFO: DVBT:PAYL HFF
2020-04-15 12:14:38,183 - C:/Users/ivan.zhao/PycharmProjects/code/front_end_code/ekt_sfu.py[line:1602] - INFO: DVBT:PAYL H00
2020-04-15 12:16:40,551 - C:/Users/ivan.zhao/PycharmProjects/code/front_end_code/ekt_sfu.py[line:1615] - INFO: DVBT:PRBS P23_1
2020-04-15 12:16:47,805 - C:/Users/ivan.zhao/PycharmProjects/code/front_end_code/ekt_sfu.py[line:1615] - INFO: DVBT:PRBS P15_1
2020-04-15 12:22:43,601 - C:/Users/ivan.zhao/PycharmProjects/code/front_end_code/ekt_sfu.py[line:1630] - INFO: DVBT:CELL:ID #H123A
2020-04-15 12:25:35,852 - C:/Users/ivan.zhao/PycharmProjects/code/front_end_code/ekt_sfu.py[line:1642] - INFO: DVBT:TPSR:STAT ON
2020-04-15 12:25:43,612 - C:/Users/ivan.zhao/PycharmProjects/code/front_end_code/ekt_sfu.py[line:1642] - INFO: DVBT:TPSR:STAT OFF
2020-04-15 12:29:41,526 - C:/Users/ivan.zhao/PycharmProjects/code/front_end_code/ekt_sfu.py[line:1655] - INFO: DVBT:TPSR:VAL #H4
2020-04-15 12:29:49,785 - C:/Users/ivan.zhao/PycharmProjects/code/front_end_code/ekt_sfu.py[line:1655] - INFO: DVBT:TPSR:VAL #H7
2020-04-15 14:17:18,773 - C:/Users/ivan.zhao/PycharmProjects/code/front_end_code/ekt_sfu.py[line:1668] - INFO: DVBT:TIM ON
2020-04-15 14:17:29,839 - C:/Users/ivan.zhao/PycharmProjects/code/front_end_code/ekt_sfu.py[line:1668] - INFO: DVBT:TIM OFF
2020-04-15 14:19:27,178 - C:/Users/ivan.zhao/PycharmProjects/code/front_end_code/ekt_sfu.py[line:1681] - INFO: DVBT:MPEF ON
2020-04-15 14:19:35,594 - C:/Users/ivan.zhao/PycharmProjects/code/front_end_code/ekt_sfu.py[line:1681] - INFO: DVBT:MPEF OFF
2020-04-15 14:28:28,005 - C:/Users/ivan.zhao/PycharmProjects/code/front_end_code/ekt_sfu.py[line:1405] - INFO: DVBC:SOUR EXTernal
2020-04-15 14:28:56,364 - C:/Users/ivan.zhao/PycharmProjects/code/front_end_code/ekt_sfu.py[line:1405] - INFO: DVBC:SOUR TSPLayer
2020-04-15 14:29:03,424 - C:/Users/ivan.zhao/PycharmProjects/code/front_end_code/ekt_sfu.py[line:1405] - INFO: DVBC:SOUR TESTsignal
2020-04-15 14:29:11,436 - C:/Users/ivan.zhao/PycharmProjects/code/front_end_code/ekt_sfu.py[line:1405] - INFO: DVBC:SOUR TSPLayer
2020-04-15 14:33:54,164 - C:/Users/ivan.zhao/PycharmProjects/code/front_end_code/ekt_sfu.py[line:1451] - INFO: DVBC:ROLL 0.13
2020-04-15 14:34:05,576 - C:/Users/ivan.zhao/PycharmProjects/code/front_end_code/ekt_sfu.py[line:1451] - INFO: DVBC:ROLL 0.18
2020-04-15 14:34:26,217 - C:/Users/ivan.zhao/PycharmProjects/code/front_end_code/ekt_sfu.py[line:1452] - INFO: DVBC:ROLL 0.18
2020-04-15 14:35:14,430 - C:/Users/ivan.zhao/PycharmProjects/code/front_end_code/ekt_sfu.py[line:1452] - INFO: DVBC:ROLL 0.18
2020-04-15 14:43:05,951 - C:/Users/ivan.zhao/PycharmProjects/code/front_end_code/ekt_sfu.py[line:1464] - INFO: DVBC:SCR ON
2020-04-15 14:43:26,115 - C:/Users/ivan.zhao/PycharmProjects/code/front_end_code/ekt_sfu.py[line:1464] - INFO: DVBC:SCR ON
2020-04-15 14:44:05,970 - C:/Users/ivan.zhao/PycharmProjects/code/front_end_code/ekt_sfu.py[line:1464] - INFO: DVBC:SETT ON
2020-04-15 14:44:14,907 - C:/Users/ivan.zhao/PycharmProjects/code/front_end_code/ekt_sfu.py[line:1464] - INFO: DVBC:SETT OFF
2020-04-15 14:46:20,667 - C:/Users/ivan.zhao/PycharmProjects/code/front_end_code/ekt_sfu.py[line:1477] - INFO: DVBC:TSP S187
2020-04-15 14:46:30,046 - C:/Users/ivan.zhao/PycharmProjects/code/front_end_code/ekt_sfu.py[line:1477] - INFO: DVBC:TSP H184
2020-04-15 14:48:51,710 - C:/Users/ivan.zhao/PycharmProjects/code/front_end_code/ekt_sfu.py[line:1490] - INFO: DVBC:PIDT NULL
2020-04-15 14:48:59,480 - C:/Users/ivan.zhao/PycharmProjects/code/front_end_code/ekt_sfu.py[line:1490] - INFO: DVBC:PIDT VARiable
2020-04-15 14:51:43,148 - C:/Users/ivan.zhao/PycharmProjects/code/front_end_code/ekt_sfu.py[line:1504] - INFO: DVBC:PAYL HFF
2020-04-15 14:51:51,753 - C:/Users/ivan.zhao/PycharmProjects/code/front_end_code/ekt_sfu.py[line:1504] - INFO: DVBC:PAYL H00
2020-04-15 14:51:59,339 - C:/Users/ivan.zhao/PycharmProjects/code/front_end_code/ekt_sfu.py[line:1504] - INFO: DVBC:PAYL PRBS
2020-04-15 14:54:53,049 - C:/Users/ivan.zhao/PycharmProjects/code/front_end_code/ekt_sfu.py[line:1517] - INFO: DVBC:PRBS P23_1
2020-04-15 14:55:02,200 - C:/Users/ivan.zhao/PycharmProjects/code/front_end_code/ekt_sfu.py[line:1517] - INFO: DVBC:PRBS P15_1
